\BOOKMARK [1][-]{section.1}{Contact Formulation of Thermodynamics}{}% 1
\BOOKMARK [2][-]{subsection.1.1}{Motivation}{section.1}% 2
\BOOKMARK [2][-]{subsection.1.2}{Formal Definitions}{section.1}% 3
\BOOKMARK [2][-]{subsection.1.3}{Thermodynamic Phase Space and Postulates}{section.1}% 4
\BOOKMARK [1][-]{section.2}{The Internal Energy calculated explicitly}{}% 5
\BOOKMARK [2][-]{subsection.2.1}{The Ultra-Relativistic Case}{section.2}% 6
\BOOKMARK [2][-]{subsection.2.2}{The Special-Relativistic Case}{section.2}% 7
\BOOKMARK [2][-]{subsection.2.3}{Deriving an equation of state}{section.2}% 8
\BOOKMARK [1][-]{section.3}{Calculating the Mass of a Star with an EOS}{}% 9
\BOOKMARK [2][-]{subsection.3.1}{Deriving the TOV-Equation}{section.3}% 10
\BOOKMARK [2][-]{subsection.3.2}{Newtonian Limit}{section.3}% 11
\BOOKMARK [2][-]{subsection.3.3}{Upper Limits}{section.3}% 12
\BOOKMARK [1][-]{section.4}{Numerical Solutions}{}% 13
\BOOKMARK [2][-]{subsection.4.1}{Polytropic EOS}{section.4}% 14
\BOOKMARK [2][-]{subsection.4.2}{Relativistic EOS}{section.4}% 15
\BOOKMARK [1][-]{section.5}{Ideas}{}% 16
\BOOKMARK [1][-]{theorem.5.9}{List of Figures}{}% 17
\BOOKMARK [1][-]{section*.8}{List of Tables}{}% 18
\BOOKMARK [1][-]{section*.9}{References}{}% 19
\BOOKMARK [1][-]{section*.11}{Appendix}{}% 20
